[32mINFO    [0m integration.test_charm:test_charm.py:348 connecting to primary postgresql/5 on 10.173.200.179
[32mINFO    [0m juju.model:__init__.py:3254 Waiting for model:
  postgresql/1 [idle] active: 
  postgresql/5 [idle] active: Primary
  postgresql/6 [idle] active: 
[32mINFO    [0m juju.model:__init__.py:3254 Waiting for model:
  postgresql/1 [executing] active: 
  postgresql/6 [executing] waiting: waiting for primary to be reachable from this unit
[32mINFO    [0m juju.model:__init__.py:3254 Waiting for model:
  postgresql/6 [executing] active: 
[32mINFO    [0m juju.model:__init__.py:3254 Waiting for model:
  postgresql/1 [idle] active: Primary
[32mINFO    [0m juju.model:__init__.py:3254 Waiting for model:
  postgresql/1 [idle] active: Primary
  postgresql/6 [idle] active: 
  postgresql/7 [allocating] waiting: waiting for machine
[32mINFO    [0m juju.model:__init__.py:3254 Waiting for model:
  postgresql/7 [allocating] waiting: waiting for machine
[32mINFO    [0m juju.model:__init__.py:3254 Waiting for model:
  postgresql/7 [allocating] waiting: waiting for machine
[32mINFO    [0m juju.model:__init__.py:3254 Waiting for model:
  postgresql/1 [executing] active: Primary (degraded)
  postgresql/6 [executing] active: 
  postgresql/7 [executing] waiting: waiting to start PostgreSQL
[32mINFO    [0m juju.model:__init__.py:3254 Waiting for model:
  postgresql/1 [idle] active: Primary (degraded)
  postgresql/6 [executing] maintenance: reconfiguring cluster
  postgresql/7 [executing] waiting: waiting to start PostgreSQL
[32mINFO    [0m juju.model:__init__.py:3254 Waiting for model:
  postgresql/1 [idle] active: Primary (degraded)
  postgresql/6 [executing] maintenance: reconfiguring cluster
  postgresql/7 [executing] waiting: waiting to start PostgreSQL
[32mINFO    [0m juju.model:__init__.py:3254 Waiting for model:
  postgresql/1 [idle] active: Primary (degraded)
  postgresql/6 [executing] maintenance: reconfiguring cluster
  postgresql/7 [executing] waiting: waiting to start PostgreSQL
[32mINFO    [0m juju.model:__init__.py:3254 Waiting for model:
  postgresql/1 [idle] active: Primary (degraded)
  postgresql/6 [executing] maintenance: reconfiguring cluster
  postgresql/7 [executing] waiting: waiting to start PostgreSQL
[32mINFO    [0m juju.model:__init__.py:3254 Waiting for model:
  postgresql/1 [executing] active: Primary
  postgresql/6 [executing] maintenance: reconfiguring cluster
  postgresql/7 [executing] waiting: waiting for primary to be reachable from this unit
[32mINFO    [0m juju.model:__init__.py:3254 Waiting for model:
  postgresql/6 [idle] active: 
  postgresql/7 [executing] waiting: waiting for primary to be reachable from this unit
[32mINFO    [0m juju.model:__init__.py:3254 Waiting for model:
  postgresql/1 [executing] active: Primary
  postgresql/6 [executing] active: 
  postgresql/7 [executing] active: 
[32mINFO    [0m juju.model:__init__.py:3254 Waiting for model:
  postgresql/6 [idle] active: 
  postgresql/7 [idle] active: 
[32mINFO    [0m integration.test_charm:test_charm.py:368 connecting to the database host: 10.173.200.62
[32mINFO    [0m integration.test_charm:test_charm.py:368 connecting to the database host: 10.173.200.142
[32mINFO    [0m integration.test_charm:test_charm.py:368 connecting to the database host: 10.173.200.132
[32mINFO    [0m pytest_operator.plugin:plugin.py:937 Model status:

Model    Controller     Cloud/Region         Version  SLA          Timestamp
testing  concierge-lxd  localhost/localhost  3.6.7    unsupported  04:23:17Z

App         Version  Status  Scale  Charm       Channel  Rev  Exposed  Message
postgresql  14.18    active      3  postgresql             0  no       

Unit           Workload  Agent  Machine  Public address  Ports     Message
postgresql/1   active    idle   1        10.173.200.62   5432/tcp  Primary
postgresql/6*  active    idle   6        10.173.200.142  5432/tcp  
postgresql/7   active    idle   7        10.173.200.132  5432/tcp  

Machine  State    Address         Inst id        Base          AZ  Message
1        started  10.173.200.62   juju-79d09f-1  ubuntu@22.04      Running
6        started  10.173.200.142  juju-79d09f-6  ubuntu@22.04      Running
7        started  10.173.200.132  juju-79d09f-7  ubuntu@22.04      Running

[32mINFO    [0m pytest_operator.plugin:plugin.py:943 Juju error logs:

machine-2: 03:33:27 ERROR juju.worker.dependency "kvm-container-provisioner" manifold worker returned unexpected error: container types not yet available
machine-2: 03:33:27 ERROR juju.worker.dependency "lxd-container-provisioner" manifold worker returned unexpected error: container types not yet available
unit-postgresql-2: 03:33:27 ERROR juju.worker.meterstatus error running "meter-status-changed": charm missing from disk
unit-postgresql-2: 03:34:22 ERROR unit.postgresql/2.juju-log Unable to get the state of the cluster
Traceback (most recent call last):
  File "/var/lib/juju/agents/unit-postgresql-2/charm/venv/lib/python3.10/site-packages/urllib3/connection.py", line 198, in _new_conn
    sock = connection.create_connection(
  File "/var/lib/juju/agents/unit-postgresql-2/charm/venv/lib/python3.10/site-packages/urllib3/util/connection.py", line 85, in create_connection
    raise err
  File "/var/lib/juju/agents/unit-postgresql-2/charm/venv/lib/python3.10/site-packages/urllib3/util/connection.py", line 73, in create_connection
    sock.connect(sa)
ConnectionRefusedError: [Errno 111] Connection refused

The above exception was the direct cause of the following exception:

Traceback (most recent call last):
  File "/var/lib/juju/agents/unit-postgresql-2/charm/venv/lib/python3.10/site-packages/urllib3/connectionpool.py", line 787, in urlopen
    response = self._make_request(
  File "/var/lib/juju/agents/unit-postgresql-2/charm/venv/lib/python3.10/site-packages/urllib3/connectionpool.py", line 493, in _make_request
    conn.request(
  File "/var/lib/juju/agents/unit-postgresql-2/charm/venv/lib/python3.10/site-packages/urllib3/connection.py", line 445, in request
    self.endheaders()
  File "/usr/lib/python3.10/http/client.py", line 1278, in endheaders
    self._send_output(message_body, encode_chunked=encode_chunked)
  File "/usr/lib/python3.10/http/client.py", line 1038, in _send_output
    self.send(msg)
  File "/usr/lib/python3.10/http/client.py", line 976, in send
    self.connect()
  File "/var/lib/juju/agents/unit-postgresql-2/charm/venv/lib/python3.10/site-packages/urllib3/connection.py", line 276, in connect
    self.sock = self._new_conn()
  File "/var/lib/juju/agents/unit-postgresql-2/charm/venv/lib/python3.10/site-packages/urllib3/connection.py", line 213, in _new_conn
    raise NewConnectionError(
urllib3.exceptions.NewConnectionError: <urllib3.connection.HTTPConnection object at 0x7f74a1055cc0>: Failed to establish a new connection: [Errno 111] Connection refused

The above exception was the direct cause of the following exception:

Traceback (most recent call last):
  File "/var/lib/juju/agents/unit-postgresql-2/charm/venv/lib/python3.10/site-packages/requests/adapters.py", line 667, in send
    resp = conn.urlopen(
  File "/var/lib/juju/agents/unit-postgresql-2/charm/venv/lib/python3.10/site-packages/urllib3/connectionpool.py", line 841, in urlopen
    retries = retries.increment(
  File "/var/lib/juju/agents/unit-postgresql-2/charm/venv/lib/python3.10/site-packages/urllib3/util/retry.py", line 519, in increment
    raise MaxRetryError(_pool, url, reason) from reason  # type: ignore[arg-type]
urllib3.exceptions.MaxRetryError: HTTPConnectionPool(host='10.173.200.98', port=8008): Max retries exceeded with url: /cluster (Caused by NewConnectionError('<urllib3.connection.HTTPConnection object at 0x7f74a1055cc0>: Failed to establish a new connection: [Errno 111] Connection refused'))

During handling of the above exception, another exception occurred:

Traceback (most recent call last):
  File "/var/lib/juju/agents/unit-postgresql-2/charm/src/cluster.py", line 568, in are_replicas_up
    response = requests.get(
  File "/var/lib/juju/agents/unit-postgresql-2/charm/venv/lib/python3.10/site-packages/requests/api.py", line 73, in get
    return request("get", url, params=params, **kwargs)
  File "/var/lib/juju/agents/unit-postgresql-2/charm/venv/lib/python3.10/site-packages/requests/api.py", line 59, in request
    return session.request(method=method, url=url, **kwargs)
  File "/var/lib/juju/agents/unit-postgresql-2/charm/venv/lib/python3.10/site-packages/requests/sessions.py", line 589, in request
    resp = self.send(prep, **send_kwargs)
  File "/var/lib/juju/agents/unit-postgresql-2/charm/venv/lib/python3.10/site-packages/requests/sessions.py", line 703, in send
    r = adapter.send(request, **kwargs)
  File "/var/lib/juju/agents/unit-postgresql-2/charm/venv/lib/python3.10/site-packages/requests/adapters.py", line 700, in send
    raise ConnectionError(e, request=request)
requests.exceptions.ConnectionError: HTTPConnectionPool(host='10.173.200.98', port=8008): Max retries exceeded with url: /cluster (Caused by NewConnectionError('<urllib3.connection.HTTPConnection object at 0x7f74a1055cc0>: Failed to establish a new connection: [Errno 111] Connection refused'))
machine-1: 03:34:57 ERROR juju.worker.dependency "lxd-container-provisioner" manifold worker returned unexpected error: container types not yet available
machine-1: 03:34:57 ERROR juju.worker.dependency "kvm-container-provisioner" manifold worker returned unexpected error: container types not yet available
unit-postgresql-1: 03:34:57 ERROR juju.worker.meterstatus error running "meter-status-changed": charm missing from disk
machine-0: 03:35:09 ERROR juju.worker.dependency "lxd-container-provisioner" manifold worker returned unexpected error: container types not yet available
machine-0: 03:35:09 ERROR juju.worker.dependency "kvm-container-provisioner" manifold worker returned unexpected error: container types not yet available
unit-postgresql-0: 03:35:09 ERROR juju.worker.meterstatus error running "meter-status-changed": charm missing from disk
unit-postgresql-1: 03:49:47 ERROR juju.worker.dependency "log-sender" manifold worker returned unexpected error: sending log message: websocket: close 1005 (no status): websocket: close sent
unit-postgresql-2: 03:49:47 ERROR juju.worker.dependency "log-sender" manifold worker returned unexpected error: sending log message: websocket: close 1005 (no status): websocket: close sent
machine-3: 03:50:41 ERROR juju.worker.dependency "lxd-container-provisioner" manifold worker returned unexpected error: container types not yet available
machine-3: 03:50:41 ERROR juju.worker.dependency "kvm-container-provisioner" manifold worker returned unexpected error: container types not yet available
unit-postgresql-3: 03:50:41 ERROR juju.worker.meterstatus error running "meter-status-changed": charm missing from disk
machine-4: 03:50:54 ERROR juju.worker.dependency "kvm-container-provisioner" manifold worker returned unexpected error: container types not yet available
machine-4: 03:50:54 ERROR juju.worker.dependency "lxd-container-provisioner" manifold worker returned unexpected error: container types not yet available
unit-postgresql-4: 03:50:54 ERROR juju.worker.meterstatus error running "meter-status-changed": charm missing from disk
unit-postgresql-4: 04:00:39 ERROR juju.worker.dependency "log-sender" manifold worker returned unexpected error: sending log message: websocket: close 1005 (no status): websocket: close sent
unit-postgresql-3: 04:00:42 ERROR juju.worker.dependency "log-sender" manifold worker returned unexpected error: sending log message: websocket: close 1005 (no status): websocket: close sent
unit-postgresql-1: 04:00:49 ERROR juju.worker.dependency "log-sender" manifold worker returned unexpected error: sending log message: websocket: close 1005 (no status): websocket: close sent
machine-5: 04:02:53 ERROR juju.worker.dependency "lxd-container-provisioner" manifold worker returned unexpected error: container types not yet available
machine-5: 04:02:53 ERROR juju.worker.dependency "kvm-container-provisioner" manifold worker returned unexpected error: container types not yet available
unit-postgresql-5: 04:02:53 ERROR juju.worker.meterstatus error running "meter-status-changed": charm missing from disk
machine-6: 04:03:04 ERROR juju.worker.dependency "kvm-container-provisioner" manifold worker returned unexpected error: container types not yet available
machine-6: 04:03:04 ERROR juju.worker.dependency "lxd-container-provisioner" manifold worker returned unexpected error: container types not yet available
unit-postgresql-6: 04:03:04 ERROR juju.worker.meterstatus error running "meter-status-changed": charm missing from disk
unit-postgresql-4: 04:03:31 ERROR juju.worker.dependency "log-sender" manifold worker returned unexpected error: sending log message: websocket: close 1005 (no status): websocket: close sent
unit-postgresql-3: 04:03:31 ERROR juju.worker.dependency "log-sender" manifold worker returned unexpected error: sending log message: websocket: close 1005 (no status): websocket: close sent
unit-postgresql-6: 04:05:19 ERROR juju.worker.dependency "log-sender" manifold worker returned unexpected error: sending log message: websocket: close 1005 (no status): websocket: close sent
unit-postgresql-1: 04:05:19 ERROR juju.worker.dependency "log-sender" manifold worker returned unexpected error: sending log message: websocket: close 1005 (no status): websocket: close sent
unit-postgresql-5: 04:05:28 ERROR juju.worker.dependency "log-sender" manifold worker returned unexpected error: sending log message: websocket: close 1005 (no status): websocket: close sent
unit-postgresql-4: 04:07:03 ERROR juju.worker.dependency "log-sender" manifold worker returned unexpected error: sending log message: websocket: close 1005 (no status): websocket: close sent
unit-postgresql-3: 04:07:04 ERROR juju.worker.dependency "log-sender" manifold worker returned unexpected error: sending log message: websocket: close 1005 (no status): websocket: close sent
unit-postgresql-1: 04:08:40 ERROR juju.worker.dependency "log-sender" manifold worker returned unexpected error: sending log message: websocket: close 1005 (no status): websocket: close sent
unit-postgresql-5: 04:08:40 ERROR juju.worker.dependency "log-sender" manifold worker returned unexpected error: sending log message: websocket: close 1005 (no status): websocket: close sent
unit-postgresql-6: 04:08:52 ERROR juju.worker.dependency "log-sender" manifold worker returned unexpected error: sending log message: websocket: close 1005 (no status): websocket: close sent
unit-postgresql-4: 04:10:36 ERROR juju.worker.dependency "log-sender" manifold worker returned unexpected error: sending log message: websocket: close 1005 (no status): websocket: close sent
unit-postgresql-3: 04:10:38 ERROR juju.worker.dependency "log-sender" manifold worker returned unexpected error: sending log message: websocket: close 1005 (no status): websocket: close sent
unit-postgresql-1: 04:10:48 ERROR juju.worker.dependency "log-sender" manifold worker returned unexpected error: sending log message: websocket: close 1005 (no status): websocket: close sent
unit-postgresql-5: 04:10:48 ERROR juju.worker.dependency "log-sender" manifold worker returned unexpected error: sending log message: websocket: close 1005 (no status): websocket: close sent
machine-1: 04:12:54 ERROR juju.worker.dependency "log-sender" manifold worker returned unexpected error: sending log message: websocket: close 1005 (no status): websocket: close sent
unit-postgresql-1: 04:14:20 ERROR juju.worker.dependency "log-sender" manifold worker returned unexpected error: sending log message: websocket: close 1005 (no status): websocket: close sent
unit-postgresql-5: 04:14:30 ERROR juju.worker.dependency "log-sender" manifold worker returned unexpected error: sending log message: websocket: close 1005 (no status): websocket: close sent
unit-postgresql-6: 04:14:45 ERROR juju.worker.dependency "log-sender" manifold worker returned unexpected error: sending log message: websocket: close 1005 (no status): websocket: close sent
machine-5: 04:15:59 ERROR juju.worker.dependency "log-sender" manifold worker returned unexpected error: sending log message: websocket: close 1005 (no status): websocket: close sent
machine-6: 04:16:10 ERROR juju.worker.dependency "log-sender" manifold worker returned unexpected error: sending log message: websocket: close 1005 (no status): websocket: close sent
unit-postgresql-1: 04:18:19 ERROR juju.worker.dependency "log-sender" manifold worker returned unexpected error: sending log message: websocket: close 1005 (no status): websocket: close sent
machine-7: 04:18:35 ERROR juju.worker.dependency "kvm-container-provisioner" manifold worker returned unexpected error: container types not yet available
machine-7: 04:18:35 ERROR juju.worker.dependency "lxd-container-provisioner" manifold worker returned unexpected error: container types not yet available
unit-postgresql-7: 04:18:35 ERROR juju.worker.meterstatus error running "meter-status-changed": charm missing from disk
unit-postgresql-6: 04:19:23 ERROR juju.worker.dependency "log-sender" manifold worker returned unexpected error: sending log message: websocket: close 1005 (no status): websocket: close sent
unit-postgresql-7: 04:22:09 ERROR juju.worker.dependency "log-sender" manifold worker returned unexpected error: sending log message: websocket: close 1005 (no status): websocket: close sent
unit-postgresql-1: 04:22:12 ERROR juju.worker.dependency "log-sender" manifold worker returned unexpected error: sending log message: websocket: close 1005 (no status): websocket: close sent

[32mINFO    [0m pytest_operator.plugin:plugin.py:1025 Forgetting model main...