[32mINFO    [0m integration.ha_tests.helpers:helpers.py:642 Cluster members are: [{'name': 'postgresql-0', 'role': 'leader', 'state': 'running', 'api_url': 'http://10.152.159.31:8008/patroni', 'host': '10.152.159.31', 'port': 5432, 'timeline': 3}, {'name': 'postgresql-3', 'role': 'sync_standby', 'state': 'streaming', 'api_url': 'http://10.152.159.184:8008/patroni', 'host': '10.152.159.184', 'port': 5432, 'timeline': 3, 'lag': 0}, {'name': 'postgresql-4', 'role': 'sync_standby', 'state': 'streaming', 'api_url': 'http://10.152.159.201:8008/patroni', 'host': '10.152.159.201', 'port': 5432, 'timeline': 3, 'lag': 0}, {'name': 'postgresql-5', 'role': 'sync_standby', 'state': 'streaming', 'api_url': 'http://10.152.159.165:8008/patroni', 'host': '10.152.159.165', 'port': 5432, 'timeline': 3, 'lag': 0}, {'name': 'postgresql-6', 'role': 'sync_standby', 'state': 'streaming', 'api_url': 'http://10.152.159.27:8008/patroni', 'host': '10.152.159.27', 'port': 5432, 'timeline': 3, 'lag': 0}]
[32mINFO    [0m integration.ha_tests.test_scaling:test_scaling.py:156 Deleting primary
[32mINFO    [0m juju.model:__init__.py:3254 Waiting for model:
  postgresql-test-app/0 [idle] active: received database credentials of the first database
  postgresql/5 [executing] blocked: Raft majority loss, run: promote-to-primary
  postgresql/6 [executing] blocked: Raft majority loss, run: promote-to-primary
[32mINFO    [0m juju.model:__init__.py:3254 Waiting for model:
  postgresql-test-app/0 [idle] active: received database credentials of the first database
  postgresql/5 [idle] blocked: Raft majority loss, run: promote-to-primary
  postgresql/6 [idle] blocked: Raft majority loss, run: promote-to-primary
[32mINFO    [0m juju.model:__init__.py:3254 Waiting for model:
  postgresql/5 [executing] maintenance: Reinitialising raft
  postgresql/6 [idle] blocked: Raft majority loss, run: promote-to-primary
[32mINFO    [0m juju.model:__init__.py:3254 Waiting for model:
  postgresql/5 [executing] maintenance: Reinitialising raft
  postgresql/6 [idle] blocked: Raft majority loss, run: promote-to-primary
[32mINFO    [0m juju.model:__init__.py:3254 Waiting for model:
  postgresql/5 [executing] maintenance: Reinitialising raft
  postgresql/6 [idle] blocked: Raft majority loss, run: promote-to-primary
[32mINFO    [0m juju.model:__init__.py:3254 Waiting for model:
  postgresql/5 [idle] maintenance: Reinitialising raft
  postgresql/6 [executing] blocked: Raft majority loss, run: promote-to-primary
[32mINFO    [0m juju.model:__init__.py:3254 Waiting for model:
  postgresql/5 [idle] maintenance: Reinitialising raft
  postgresql/6 [executing] blocked: Raft majority loss, run: promote-to-primary
[32mINFO    [0m juju.model:__init__.py:3254 Waiting for model:
  postgresql/5 [idle] maintenance: Reinitialising raft
  postgresql/6 [executing] blocked: Raft majority loss, run: promote-to-primary
[32mINFO    [0m juju.model:__init__.py:3254 Waiting for model:
  postgresql-test-app/0 [idle] active: received database credentials of the first database
  postgresql/5 [executing] active: Primary
  postgresql/6 [executing] blocked: Raft majority loss, run: promote-to-primary
[32mINFO    [0m juju.model:__init__.py:3254 Waiting for model:
  postgresql/5 [executing] active: 
  postgresql/6 [executing] active: 
[32mINFO    [0m juju.model:__init__.py:3254 Waiting for model:
  postgresql/5 [idle] active: Primary
  postgresql/6 [idle] active: 
[32mINFO    [0m juju.model:__init__.py:3254 Waiting for model:
  postgresql/5 [idle] active: Primary
[32mINFO    [0m integration.ha_tests.helpers:helpers.py:103 Initial writes {'testing.postgresql-5': 7091, 'testing.postgresql-6': 7092}
[32mINFO    [0m integration.ha_tests.helpers:helpers.py:113 Retry writes {'testing.postgresql-5': 7252, 'testing.postgresql-6': 7252}
[32mINFO    [0m integration.ha_tests.test_scaling:test_scaling.py:190 Scaling back up
[32mINFO    [0m juju.model:__init__.py:3254 Waiting for model:
  postgresql-test-app/0 [idle] active: received database credentials of the first database
  postgresql/5 [idle] active: Primary
  postgresql/6 [idle] active: 
  postgresql/7 [allocating] waiting: waiting for machine
  postgresql/8 [allocating] waiting: waiting for machine
  postgresql/9 [allocating] waiting: waiting for machine
[32mINFO    [0m juju.model:__init__.py:3254 Waiting for model:
  postgresql/7 [allocating] waiting: waiting for machine
  postgresql/8 [allocating] waiting: waiting for machine
  postgresql/9 [allocating] waiting: waiting for machine
[32mINFO    [0m juju.model:__init__.py:3254 Waiting for model:
  postgresql/7 [allocating] waiting: waiting for machine
  postgresql/8 [allocating] waiting: waiting for machine
  postgresql/9 [allocating] waiting: waiting for machine
[32mINFO    [0m juju.model:__init__.py:3254 Waiting for model:
  postgresql/7 [allocating] waiting: waiting for machine
  postgresql/8 [allocating] waiting: waiting for machine
  postgresql/9 [allocating] waiting: waiting for machine
[32mINFO    [0m juju.model:__init__.py:3254 Waiting for model:
  postgresql/7 [allocating] waiting: waiting for machine
  postgresql/8 [allocating] waiting: waiting for machine
  postgresql/9 [allocating] waiting: waiting for machine
[32mINFO    [0m juju.model:__init__.py:3254 Waiting for model:
  postgresql/7 [allocating] waiting: agent initialising
  postgresql/8 [allocating] waiting: waiting for machine
  postgresql/9 [allocating] waiting: waiting for machine
[32mINFO    [0m juju.model:__init__.py:3254 Waiting for model:
  postgresql/7 [executing] maintenance: installing PostgreSQL
  postgresql/8 [executing] maintenance: installing PostgreSQL
  postgresql/9 [allocating] waiting: agent initialising
[32mINFO    [0m juju.model:__init__.py:3254 Waiting for model:
  postgresql-test-app/0 [idle] active: received database credentials of the first database
  postgresql/5 [executing] active: Primary (degraded)
  postgresql/6 [executing] maintenance: reconfiguring cluster
  postgresql/7 [executing] waiting: waiting to start PostgreSQL
  postgresql/8 [executing] maintenance: installing PostgreSQL
  postgresql/9 [executing] maintenance: installing PostgreSQL
[32mINFO    [0m juju.model:__init__.py:3254 Waiting for model:
  postgresql-test-app/0 [idle] active: received database credentials of the first database
  postgresql/5 [executing] active: Primary (degraded)
  postgresql/6 [executing] maintenance: reconfiguring cluster
  postgresql/7 [executing] waiting: waiting to start PostgreSQL
  postgresql/8 [executing] waiting: waiting to start PostgreSQL
  postgresql/9 [executing] waiting: waiting to start PostgreSQL
[32mINFO    [0m juju.model:__init__.py:3254 Waiting for model:
  postgresql/5 [executing] active: Primary (degraded)
  postgresql/6 [executing] maintenance: reconfiguring cluster
  postgresql/7 [executing] waiting: waiting to start PostgreSQL
  postgresql/8 [executing] waiting: waiting to start PostgreSQL
  postgresql/9 [executing] waiting: waiting to start PostgreSQL
[32mINFO    [0m juju.model:__init__.py:3254 Waiting for model:
  postgresql/5 [executing] active: Primary (degraded)
  postgresql/6 [executing] maintenance: reconfiguring cluster
  postgresql/7 [executing] waiting: waiting to start PostgreSQL
  postgresql/8 [executing] waiting: waiting to start PostgreSQL
  postgresql/9 [executing] waiting: waiting to start PostgreSQL
[32mINFO    [0m juju.model:__init__.py:3254 Waiting for model:
  postgresql/5 [executing] active: Primary (degraded)
  postgresql/6 [executing] maintenance: reconfiguring cluster
  postgresql/7 [executing] waiting: waiting to start PostgreSQL
  postgresql/8 [executing] waiting: waiting to start PostgreSQL
  postgresql/9 [executing] waiting: waiting to start PostgreSQL
[32mINFO    [0m juju.model:__init__.py:3254 Waiting for model:
  postgresql/5 [executing] active: Primary (degraded)
  postgresql/6 [executing] maintenance: reconfiguring cluster
  postgresql/7 [executing] waiting: awaiting for member to start
  postgresql/8 [executing] waiting: waiting to start PostgreSQL
  postgresql/9 [executing] waiting: waiting to start PostgreSQL
[32mINFO    [0m juju.model:__init__.py:3254 Waiting for model:
  postgresql-test-app/0 [idle] active: received database credentials of the first database
  postgresql/5 [executing] active: Primary (degraded)
  postgresql/6 [executing] maintenance: reconfiguring cluster
  postgresql/7 [executing] waiting: awaiting for member to start
  postgresql/8 [executing] waiting: waiting to start PostgreSQL
  postgresql/9 [idle] waiting: waiting to start PostgreSQL
[32mINFO    [0m juju.model:__init__.py:3254 Waiting for model:
  postgresql/5 [executing] active: 
  postgresql/6 [executing] maintenance: reconfiguring cluster
  postgresql/7 [executing] waiting: waiting for primary to be reachable from this unit
  postgresql/8 [executing] waiting: waiting to start PostgreSQL
  postgresql/9 [idle] waiting: waiting to start PostgreSQL
[32mINFO    [0m juju.model:__init__.py:3254 Waiting for model:
  postgresql-test-app/0 [executing] active: received database credentials of the first database
  postgresql/5 [idle] active: Primary (degraded)
  postgresql/6 [executing] maintenance: reinitialising replica
  postgresql/7 [executing] waiting: waiting for primary to be reachable from this unit
  postgresql/8 [executing] waiting: awaiting for member to start
  postgresql/9 [idle] waiting: waiting to start PostgreSQL
[32mINFO    [0m juju.model:__init__.py:3254 Waiting for model:
  postgresql/5 [executing] active: Primary (degraded)
  postgresql/6 [executing] active: 
  postgresql/7 [executing] active: 
  postgresql/8 [executing] active: 
  postgresql/9 [executing] waiting: waiting to start PostgreSQL
[32mINFO    [0m juju.model:__init__.py:3254 Waiting for model:
  postgresql-test-app/0 [idle] active: received database credentials of the first database
  postgresql/5 [executing] active: 
  postgresql/6 [executing] active: 
  postgresql/7 [executing] active: 
  postgresql/8 [executing] active: 
  postgresql/9 [executing] waiting: waiting to start PostgreSQL
[32mINFO    [0m juju.model:__init__.py:3254 Waiting for model:
  postgresql-test-app/0 [idle] active: received database credentials of the first database
  postgresql/5 [executing] active: Primary (degraded)
  postgresql/6 [executing] active: 
  postgresql/7 [executing] active: 
  postgresql/8 [executing] active: 
  postgresql/9 [executing] waiting: waiting to start PostgreSQL
[32mINFO    [0m juju.model:__init__.py:3254 Waiting for model:
  postgresql-test-app/0 [idle] active: received database credentials of the first database
  postgresql/5 [idle] active: 
  postgresql/6 [executing] active: 
  postgresql/7 [executing] active: 
  postgresql/8 [executing] active: 
  postgresql/9 [executing] waiting: waiting to start PostgreSQL
[32mINFO    [0m juju.model:__init__.py:3254 Waiting for model:
  postgresql/5 [idle] active: 
  postgresql/6 [executing] maintenance: reconfiguring cluster
  postgresql/7 [executing] active: 
  postgresql/9 [executing] waiting: waiting to start PostgreSQL
[32mINFO    [0m juju.model:__init__.py:3254 Waiting for model:
  postgresql/5 [executing] active: 
  postgresql/6 [executing] maintenance: reconfiguring cluster
  postgresql/7 [executing] active: 
  postgresql/8 [executing] active: 
  postgresql/9 [executing] waiting: waiting to start PostgreSQL
[32mINFO    [0m juju.model:__init__.py:3254 Waiting for model:
  postgresql/5 [idle] active: Primary (degraded)
  postgresql/6 [executing] maintenance: reconfiguring cluster
  postgresql/7 [executing] active: 
  postgresql/8 [executing] active: 
  postgresql/9 [executing] waiting: waiting to start PostgreSQL
[32mINFO    [0m juju.model:__init__.py:3254 Waiting for model:
  postgresql/6 [executing] maintenance: reconfiguring cluster
  postgresql/9 [executing] waiting: waiting to start PostgreSQL
[32mINFO    [0m juju.model:__init__.py:3254 Waiting for model:
  postgresql/6 [executing] maintenance: reconfiguring cluster
  postgresql/9 [executing] waiting: waiting to start PostgreSQL
[32mINFO    [0m juju.model:__init__.py:3254 Waiting for model:
  postgresql/6 [executing] maintenance: reconfiguring cluster
  postgresql/9 [idle] waiting: awaiting for member to start
[32mINFO    [0m juju.model:__init__.py:3254 Waiting for model:
  postgresql/5 [idle] active: 
  postgresql/6 [executing] waiting: awaiting for member to start
  postgresql/7 [idle] active: 
  postgresql/8 [idle] active: 
  postgresql/9 [executing] waiting: awaiting for member to start
[32mINFO    [0m juju.model:__init__.py:3254 Waiting for model:
  postgresql/5 [idle] active: 
  postgresql/6 [idle] active: 
  postgresql/7 [idle] active: 
  postgresql/9 [executing] active: 
[32mINFO    [0m juju.model:__init__.py:3254 Waiting for model:
  postgresql/5 [executing] active: 
  postgresql/6 [executing] active: 
  postgresql/7 [executing] active: 
  postgresql/8 [executing] active: 
  postgresql/9 [idle] active: 
[32mINFO    [0m juju.model:__init__.py:3254 Waiting for model:
  postgresql/5 [executing] active: Primary
  postgresql/6 [executing] active: 
  postgresql/7 [executing] active: 
  postgresql/8 [idle] active: 
[32mINFO    [0m juju.model:__init__.py:3254 Waiting for model:
  postgresql/6 [idle] active: 
  postgresql/7 [idle] active: 
  postgresql/8 [idle] maintenance: reinitialising replica
  postgresql/9 [idle] maintenance: reinitialising replica
[32mINFO    [0m juju.model:__init__.py:3254 Waiting for model:
  postgresql-test-app/0 [idle] active: received database credentials of the first database
  postgresql/5 [idle] active: 
  postgresql/6 [executing] active: 
  postgresql/7 [executing] active: 
  postgresql/8 [executing] maintenance: reinitialising replica
  postgresql/9 [executing] maintenance: reinitialising replica
[32mINFO    [0m juju.model:__init__.py:3254 Waiting for model:
  postgresql/6 [executing] waiting: awaiting for member to start
  postgresql/8 [idle] active: 
  postgresql/9 [idle] active: 
[32mINFO    [0m juju.model:__init__.py:3254 Waiting for model:
  postgresql/6 [idle] active: 
  postgresql/8 [idle] active: 
  postgresql/9 [idle] active: 
[32mINFO    [0m integration.ha_tests.helpers:helpers.py:642 Cluster members are: [{'name': 'postgresql-5', 'role': 'leader', 'state': 'running', 'api_url': 'http://10.152.159.165:8008/patroni', 'host': '10.152.159.165', 'port': 5432, 'timeline': 5}, {'name': 'postgresql-6', 'role': 'sync_standby', 'state': 'streaming', 'api_url': 'http://10.152.159.27:8008/patroni', 'host': '10.152.159.27', 'port': 5432, 'timeline': 5, 'lag': 0}, {'name': 'postgresql-7', 'role': 'sync_standby', 'state': 'streaming', 'api_url': 'http://10.152.159.73:8008/patroni', 'host': '10.152.159.73', 'port': 5432, 'timeline': 5, 'lag': 0}, {'name': 'postgresql-8', 'role': 'sync_standby', 'state': 'streaming', 'api_url': 'http://10.152.159.68:8008/patroni', 'host': '10.152.159.68', 'port': 5432, 'timeline': 5, 'lag': 0}, {'name': 'postgresql-9', 'role': 'sync_standby', 'state': 'streaming', 'api_url': 'http://10.152.159.85:8008/patroni', 'host': '10.152.159.85', 'port': 5432, 'timeline': 5, 'lag': 0}]
[32mINFO    [0m pytest_operator.plugin:plugin.py:937 Model status:

Model    Controller     Cloud/Region         Version  SLA          Timestamp
testing  concierge-lxd  localhost/localhost  3.6.7    unsupported  04:52:00Z

App                  Version  Status  Scale  Charm                Channel      Rev  Exposed  Message
postgresql           14.18    active      5  postgresql                          0  no       
postgresql-test-app           active      1  postgresql-test-app  latest/edge  383  no       received database credentials of the first database

Unit                    Workload  Agent  Machine  Public address  Ports     Message
postgresql-test-app/0*  active    idle   0        10.152.159.159            received database credentials of the first database
postgresql/5            active    idle   6        10.152.159.165  5432/tcp  
postgresql/6*           active    idle   7        10.152.159.27   5432/tcp  
postgresql/7            active    idle   8        10.152.159.73   5432/tcp  
postgresql/8            active    idle   9        10.152.159.68   5432/tcp  
postgresql/9            active    idle   10       10.152.159.85   5432/tcp  

Machine  State    Address         Inst id         Base          AZ  Message
0        started  10.152.159.159  juju-185e81-0   ubuntu@22.04      Running
6        started  10.152.159.165  juju-185e81-6   ubuntu@22.04      Running
7        started  10.152.159.27   juju-185e81-7   ubuntu@22.04      Running
8        started  10.152.159.73   juju-185e81-8   ubuntu@22.04      Running
9        started  10.152.159.68   juju-185e81-9   ubuntu@22.04      Running
10       started  10.152.159.85   juju-185e81-10  ubuntu@22.04      Running

[32mINFO    [0m pytest_operator.plugin:plugin.py:943 Juju error logs:

machine-0: 03:47:28 ERROR juju.worker.dependency "kvm-container-provisioner" manifold worker returned unexpected error: container types not yet available
machine-0: 03:47:28 ERROR juju.worker.dependency "lxd-container-provisioner" manifold worker returned unexpected error: container types not yet available
unit-postgresql-test-app-0: 03:47:28 ERROR juju.worker.meterstatus error running "meter-status-changed": charm missing from disk
machine-2: 03:48:35 ERROR juju.worker.dependency "kvm-container-provisioner" manifold worker returned unexpected error: container types not yet available
machine-2: 03:48:35 ERROR juju.worker.dependency "lxd-container-provisioner" manifold worker returned unexpected error: container types not yet available
unit-postgresql-1: 03:48:35 ERROR juju.worker.meterstatus error running "meter-status-changed": charm missing from disk
machine-1: 03:48:43 ERROR juju.worker.dependency "lxd-container-provisioner" manifold worker returned unexpected error: container types not yet available
machine-1: 03:48:43 ERROR juju.worker.dependency "kvm-container-provisioner" manifold worker returned unexpected error: container types not yet available
unit-postgresql-0: 03:48:43 ERROR juju.worker.meterstatus error running "meter-status-changed": charm missing from disk
unit-postgresql-1: 03:49:12 ERROR unit.postgresql/1.juju-log Unable to get the state of the cluster
Traceback (most recent call last):
  File "/var/lib/juju/agents/unit-postgresql-1/charm/venv/lib/python3.10/site-packages/urllib3/connection.py", line 198, in _new_conn
    sock = connection.create_connection(
  File "/var/lib/juju/agents/unit-postgresql-1/charm/venv/lib/python3.10/site-packages/urllib3/util/connection.py", line 85, in create_connection
    raise err
  File "/var/lib/juju/agents/unit-postgresql-1/charm/venv/lib/python3.10/site-packages/urllib3/util/connection.py", line 73, in create_connection
    sock.connect(sa)
ConnectionRefusedError: [Errno 111] Connection refused

The above exception was the direct cause of the following exception:

Traceback (most recent call last):
  File "/var/lib/juju/agents/unit-postgresql-1/charm/venv/lib/python3.10/site-packages/urllib3/connectionpool.py", line 787, in urlopen
    response = self._make_request(
  File "/var/lib/juju/agents/unit-postgresql-1/charm/venv/lib/python3.10/site-packages/urllib3/connectionpool.py", line 493, in _make_request
    conn.request(
  File "/var/lib/juju/agents/unit-postgresql-1/charm/venv/lib/python3.10/site-packages/urllib3/connection.py", line 445, in request
    self.endheaders()
  File "/usr/lib/python3.10/http/client.py", line 1278, in endheaders
    self._send_output(message_body, encode_chunked=encode_chunked)
  File "/usr/lib/python3.10/http/client.py", line 1038, in _send_output
    self.send(msg)
  File "/usr/lib/python3.10/http/client.py", line 976, in send
    self.connect()
  File "/var/lib/juju/agents/unit-postgresql-1/charm/venv/lib/python3.10/site-packages/urllib3/connection.py", line 276, in connect
    self.sock = self._new_conn()
  File "/var/lib/juju/agents/unit-postgresql-1/charm/venv/lib/python3.10/site-packages/urllib3/connection.py", line 213, in _new_conn
    raise NewConnectionError(
urllib3.exceptions.NewConnectionError: <urllib3.connection.HTTPConnection object at 0x7fe419655bd0>: Failed to establish a new connection: [Errno 111] Connection refused

The above exception was the direct cause of the following exception:

Traceback (most recent call last):
  File "/var/lib/juju/agents/unit-postgresql-1/charm/venv/lib/python3.10/site-packages/requests/adapters.py", line 667, in send
    resp = conn.urlopen(
  File "/var/lib/juju/agents/unit-postgresql-1/charm/venv/lib/python3.10/site-packages/urllib3/connectionpool.py", line 841, in urlopen
    retries = retries.increment(
  File "/var/lib/juju/agents/unit-postgresql-1/charm/venv/lib/python3.10/site-packages/urllib3/util/retry.py", line 519, in increment
    raise MaxRetryError(_pool, url, reason) from reason  # type: ignore[arg-type]
urllib3.exceptions.MaxRetryError: HTTPConnectionPool(host='10.152.159.190', port=8008): Max retries exceeded with url: /cluster (Caused by NewConnectionError('<urllib3.connection.HTTPConnection object at 0x7fe419655bd0>: Failed to establish a new connection: [Errno 111] Connection refused'))

During handling of the above exception, another exception occurred:

Traceback (most recent call last):
  File "/var/lib/juju/agents/unit-postgresql-1/charm/src/cluster.py", line 568, in are_replicas_up
    response = requests.get(
  File "/var/lib/juju/agents/unit-postgresql-1/charm/venv/lib/python3.10/site-packages/requests/api.py", line 73, in get
    return request("get", url, params=params, **kwargs)
  File "/var/lib/juju/agents/unit-postgresql-1/charm/venv/lib/python3.10/site-packages/requests/api.py", line 59, in request
    return session.request(method=method, url=url, **kwargs)
  File "/var/lib/juju/agents/unit-postgresql-1/charm/venv/lib/python3.10/site-packages/requests/sessions.py", line 589, in request
    resp = self.send(prep, **send_kwargs)
  File "/var/lib/juju/agents/unit-postgresql-1/charm/venv/lib/python3.10/site-packages/requests/sessions.py", line 703, in send
    r = adapter.send(request, **kwargs)
  File "/var/lib/juju/agents/unit-postgresql-1/charm/venv/lib/python3.10/site-packages/requests/adapters.py", line 700, in send
    raise ConnectionError(e, request=request)
requests.exceptions.ConnectionError: HTTPConnectionPool(host='10.152.159.190', port=8008): Max retries exceeded with url: /cluster (Caused by NewConnectionError('<urllib3.connection.HTTPConnection object at 0x7fe419655bd0>: Failed to establish a new connection: [Errno 111] Connection refused'))
controller-0: 03:57:36 ERROR juju.worker.provisioner failed to remove dead machine "2"
machine-3: 04:02:50 ERROR juju.worker.dependency "kvm-container-provisioner" manifold worker returned unexpected error: container types not yet available
machine-3: 04:02:50 ERROR juju.worker.dependency "lxd-container-provisioner" manifold worker returned unexpected error: container types not yet available
unit-postgresql-2: 04:02:51 ERROR juju.worker.meterstatus error running "meter-status-changed": charm missing from disk
unit-postgresql-0: 04:04:34 ERROR juju.worker.dependency "log-sender" manifold worker returned unexpected error: sending log message: websocket: close 1005 (no status): websocket: close sent
unit-postgresql-test-app-0: 04:05:57 ERROR juju.worker.dependency "log-sender" manifold worker returned unexpected error: sending log message: websocket: close 1005 (no status): websocket: close sent
controller-0: 04:07:40 ERROR juju.worker.provisioner failed to remove dead machine "3"
machine-4: 04:10:55 ERROR juju.worker.dependency "kvm-container-provisioner" manifold worker returned unexpected error: container types not yet available
machine-4: 04:10:55 ERROR juju.worker.dependency "lxd-container-provisioner" manifold worker returned unexpected error: container types not yet available
unit-postgresql-3: 04:10:55 ERROR juju.worker.meterstatus error running "meter-status-changed": charm missing from disk
unit-postgresql-0: 04:11:35 ERROR juju.worker.dependency "log-sender" manifold worker returned unexpected error: sending log message: websocket: close 1005 (no status): websocket: close sent
machine-5: 04:17:29 ERROR juju.worker.dependency "kvm-container-provisioner" manifold worker returned unexpected error: container types not yet available
machine-5: 04:17:29 ERROR juju.worker.dependency "lxd-container-provisioner" manifold worker returned unexpected error: container types not yet available
unit-postgresql-4: 04:17:30 ERROR juju.worker.meterstatus error running "meter-status-changed": charm missing from disk
machine-7: 04:17:43 ERROR juju.worker.dependency "kvm-container-provisioner" manifold worker returned unexpected error: container types not yet available
machine-7: 04:17:43 ERROR juju.worker.dependency "lxd-container-provisioner" manifold worker returned unexpected error: container types not yet available
unit-postgresql-6: 04:17:43 ERROR juju.worker.meterstatus error running "meter-status-changed": charm missing from disk
machine-6: 04:18:04 ERROR juju.worker.dependency "lxd-container-provisioner" manifold worker returned unexpected error: container types not yet available
machine-6: 04:18:04 ERROR juju.worker.dependency "kvm-container-provisioner" manifold worker returned unexpected error: container types not yet available
unit-postgresql-5: 04:18:04 ERROR juju.worker.meterstatus error running "meter-status-changed": charm missing from disk
unit-postgresql-3: 04:19:33 ERROR juju.worker.dependency "log-sender" manifold worker returned unexpected error: sending log message: websocket: close 1005 (no status): websocket: close sent
unit-postgresql-0: 04:20:26 ERROR juju.worker.dependency "log-sender" manifold worker returned unexpected error: sending log message: websocket: close 1005 (no status): websocket: close sent
unit-postgresql-5: 04:20:31 ERROR juju.worker.dependency "log-sender" manifold worker returned unexpected error: sending log message: websocket: close 1005 (no status): websocket: close sent
unit-postgresql-4: 04:20:31 ERROR juju.worker.dependency "log-sender" manifold worker returned unexpected error: sending log message: websocket: close 1005 (no status): websocket: close sent
unit-postgresql-6: 04:20:40 ERROR juju.worker.dependency "log-sender" manifold worker returned unexpected error: sending log message: websocket: close 1005 (no status): websocket: close sent
unit-postgresql-4: 04:21:53 ERROR juju.worker.dependency "log-sender" manifold worker returned unexpected error: sending log message: websocket: close 1005 (no status): websocket: close sent
unit-postgresql-0: 04:21:54 ERROR juju.worker.dependency "log-sender" manifold worker returned unexpected error: sending log message: websocket: close 1005 (no status): websocket: close sent
unit-postgresql-5: 04:21:56 ERROR juju.worker.dependency "log-sender" manifold worker returned unexpected error: sending log message: websocket: close 1005 (no status): websocket: close sent
unit-postgresql-3: 04:23:20 ERROR juju.worker.dependency "log-sender" manifold worker returned unexpected error: sending log message: websocket: close 1005 (no status): websocket: close sent
unit-postgresql-5: 04:24:36 ERROR juju.worker.dependency "log-sender" manifold worker returned unexpected error: sending log message: websocket: close 1005 (no status): websocket: close sent
unit-postgresql-4: 04:24:37 ERROR juju.worker.dependency "log-sender" manifold worker returned unexpected error: sending log message: websocket: close 1005 (no status): websocket: close sent
unit-postgresql-0: 04:27:02 ERROR juju.worker.dependency "log-sender" manifold worker returned unexpected error: sending log message: websocket: close 1005 (no status): websocket: close sent
controller-0: 04:29:02 ERROR juju.worker.provisioner failed to remove dead machine "5"
controller-0: 04:29:03 ERROR juju.worker.provisioner failed to remove dead machine "1"
controller-0: 04:29:03 ERROR juju.worker.provisioner failed to remove dead machine "4"
unit-postgresql-5: 04:33:07 ERROR juju.worker.dependency "log-sender" manifold worker returned unexpected error: sending log message: websocket: close 1005 (no status): websocket: close sent
unit-postgresql-6: 04:33:35 ERROR juju.worker.dependency "log-sender" manifold worker returned unexpected error: sending log message: websocket: close 1005 (no status): websocket: close sent
machine-8: 04:37:14 ERROR juju.worker.dependency "kvm-container-provisioner" manifold worker returned unexpected error: container types not yet available
machine-8: 04:37:14 ERROR juju.worker.dependency "lxd-container-provisioner" manifold worker returned unexpected error: container types not yet available
unit-postgresql-7: 04:37:14 ERROR juju.worker.meterstatus error running "meter-status-changed": charm missing from disk
machine-9: 04:37:31 ERROR juju.worker.dependency "lxd-container-provisioner" manifold worker returned unexpected error: container types not yet available
machine-9: 04:37:31 ERROR juju.worker.dependency "kvm-container-provisioner" manifold worker returned unexpected error: container types not yet available
unit-postgresql-8: 04:37:31 ERROR juju.worker.meterstatus error running "meter-status-changed": charm missing from disk
machine-10: 04:37:49 ERROR juju.worker.dependency "lxd-container-provisioner" manifold worker returned unexpected error: container types not yet available
machine-10: 04:37:49 ERROR juju.worker.dependency "kvm-container-provisioner" manifold worker returned unexpected error: container types not yet available
unit-postgresql-9: 04:37:49 ERROR juju.worker.meterstatus error running "meter-status-changed": charm missing from disk
machine-0: 04:37:51 ERROR juju.worker.dependency "log-sender" manifold worker returned unexpected error: sending log message: websocket: close 1005 (no status): websocket: close sent
unit-postgresql-6: 04:41:09 ERROR juju.worker.dependency "log-sender" manifold worker returned unexpected error: sending log message: websocket: close 1005 (no status): websocket: close sent
unit-postgresql-5: 04:41:44 ERROR juju.worker.dependency "log-sender" manifold worker returned unexpected error: sending log message: websocket: close 1005 (no status): websocket: close sent
unit-postgresql-8: 04:43:10 ERROR juju.worker.dependency "log-sender" manifold worker returned unexpected error: sending log message: websocket: close 1005 (no status): websocket: close sent
unit-postgresql-7: 04:43:12 ERROR juju.worker.dependency "log-sender" manifold worker returned unexpected error: sending log message: websocket: close 1005 (no status): websocket: close sent
unit-postgresql-9: 04:43:20 ERROR juju.worker.dependency "log-sender" manifold worker returned unexpected error: sending log message: websocket: close 1005 (no status): websocket: close sent
unit-postgresql-6: 04:44:36 ERROR juju.worker.dependency "log-sender" manifold worker returned unexpected error: sending log message: websocket: close 1005 (no status): websocket: close sent
unit-postgresql-9: 04:48:15 ERROR juju.worker.dependency "log-sender" manifold worker returned unexpected error: sending log message: websocket: close 1005 (no status): websocket: close sent
unit-postgresql-7: 04:48:16 ERROR juju.worker.dependency "log-sender" manifold worker returned unexpected error: sending log message: websocket: close 1005 (no status): websocket: close sent
unit-postgresql-8: 04:48:48 ERROR juju.worker.dependency "log-sender" manifold worker returned unexpected error: sending log message: websocket: close 1005 (no status): websocket: close sent

[32mINFO    [0m pytest_operator.plugin:plugin.py:1025 Forgetting model main...